<?xml version="1.0" encoding="UTF-8"?>
<!-- Generated by org.testng.reporters.JUnitReportReporter -->
<testsuite hostname="Asus-Vivobook14" failures="0" tests="1" name="org.automation.addToCart.TC_Kalki_AddToCart_084Test" time="10.545" errors="0" timestamp="2023-01-23T10:32:08 IST" skipped="0">
  <testcase classname="org.automation.addToCart.TC_Kalki_AddToCart_084Test" name="clickOnimageDescription" time="10.545"/>
  <system-out/>
</testsuite> <!-- org.automation.addToCart.TC_Kalki_AddToCart_084Test -->
