<?xml version="1.0" encoding="UTF-8"?>
<!-- Generated by org.testng.reporters.JUnitReportReporter -->
<testsuite hostname="Asus-Vivobook14" failures="0" tests="1" name="org.automation.addToCart.TC_Kalki_AddToCart_081Test" time="2.423" errors="0" timestamp="2023-01-25T14:26:46 IST" skipped="0">
  <testcase classname="org.automation.addToCart.TC_Kalki_AddToCart_081Test" name="clickOnimageDescription" time="2.423"/>
  <system-out>
You are on Kids module Page  </system-out>
</testsuite> <!-- org.automation.addToCart.TC_Kalki_AddToCart_081Test -->
