<?xml version="1.0" encoding="UTF-8"?>
<!-- Generated by org.testng.reporters.JUnitReportReporter -->
<testsuite hostname="Asus-Vivobook14" failures="0" tests="1" name="org.automation.addToCart.TC_Kalki_AddToCart_083Test" time="25.009" errors="0" timestamp="2023-01-24T15:36:55 IST" skipped="0">
  <testcase classname="org.automation.addToCart.TC_Kalki_AddToCart_083Test" name="clickOnimageDescription" time="25.009"/>
  <system-out>
Size selection successful  </system-out>
</testsuite> <!-- org.automation.addToCart.TC_Kalki_AddToCart_083Test -->
