<?xml version="1.0" encoding="UTF-8"?>
<!-- Generated by org.testng.reporters.JUnitReportReporter -->
<testsuite hostname="Asus-Vivobook14" failures="0" tests="1" name="org.automation.addToCart.TC_Kalki_AddToCart_083Test" time="4.314" errors="0" timestamp="2023-01-23T10:24:46 IST" skipped="0">
  <testcase classname="org.automation.addToCart.TC_Kalki_AddToCart_083Test" name="clickOnimageDescription" time="4.314"/>
  <system-out/>
</testsuite> <!-- org.automation.addToCart.TC_Kalki_AddToCart_083Test -->
