<?xml version="1.0" encoding="UTF-8"?>
<!-- Generated by org.testng.reporters.JUnitReportReporter -->
<testsuite hostname="Asus-Vivobook14" failures="0" tests="1" name="org.automation.signIn.SignIn_Page_088Test" time="2.613" errors="0" timestamp="2023-01-24T13:05:23 IST" skipped="0">
  <testcase classname="org.automation.signIn.SignIn_Page_088Test" name="signin" time="2.613"/>
  <system-out>
Check the reports for Verification  </system-out>
</testsuite> <!-- org.automation.signIn.SignIn_Page_088Test -->
