<?xml version="1.0" encoding="UTF-8"?>
<!-- Generated by org.testng.reporters.JUnitReportReporter -->
<testsuite hostname="Asus-Vivobook14" failures="0" tests="1" name="org.automation.addToCart.TC_Kalki_AddToCart_089Test" time="38.650" errors="0" timestamp="2023-01-24T16:58:28 IST" skipped="0">
  <testcase classname="org.automation.addToCart.TC_Kalki_AddToCart_089Test" name="clickOnimageDescription" time="38.650"/>
  <system-out>
Product added to Shopping cart succesfully  </system-out>
</testsuite> <!-- org.automation.addToCart.TC_Kalki_AddToCart_089Test -->
