<?xml version="1.0" encoding="UTF-8"?>
<!-- Generated by org.testng.reporters.JUnitReportReporter -->
<testsuite hostname="Asus-Vivobook14" failures="0" tests="1" name="org.automation.signIn.SignIn_Page_090Test" time="4.195" errors="0" timestamp="2023-01-24T17:20:21 IST" skipped="0">
  <testcase classname="org.automation.signIn.SignIn_Page_090Test" name="signin" time="4.195"/>
  <system-out>
Use Mobile Number button is working  </system-out>
</testsuite> <!-- org.automation.signIn.SignIn_Page_090Test -->
