<?xml version="1.0" encoding="UTF-8"?>
<!-- Generated by org.testng.reporters.JUnitReportReporter -->
<testsuite hostname="Asus-Vivobook14" failures="0" tests="1" name="demo.Car_TC_racing_001" time="11.676" errors="0" timestamp="2023-01-20T17:13:44 IST" skipped="0">
  <testcase classname="demo.Car_TC_racing_001" name="Car1" time="11.676"/>
  <system-out/>
</testsuite> <!-- demo.Car_TC_racing_001 -->
