<?xml version="1.0" encoding="UTF-8"?>
<!-- Generated by org.testng.reporters.JUnitReportReporter -->
<testsuite hostname="Asus-Vivobook14" failures="0" tests="1" name="org.automation.signIn.SignIn_Page_085Test" time="1.356" errors="0" timestamp="2023-01-23T15:46:16 IST" skipped="0">
  <testcase classname="org.automation.signIn.SignIn_Page_085Test" name="signin" time="1.356"/>
  <system-out>
User Siggned in succesfully...  </system-out>
</testsuite> <!-- org.automation.signIn.SignIn_Page_085Test -->
