<?xml version="1.0" encoding="UTF-8"?>
<!-- Generated by org.testng.reporters.JUnitReportReporter -->
<testsuite hostname="Asus-Vivobook14" failures="0" tests="1" name="org.automation.SignIn_Page_001Test" time="2.955" errors="0" timestamp="2023-01-20T15:33:47 IST" skipped="0">
  <testcase classname="org.automation.SignIn_Page_001Test" name="signin" time="2.955"/>
  <system-out>
User Siggned in succesfully...  </system-out>
</testsuite> <!-- org.automation.SignIn_Page_001Test -->
